INFO c.m.v.l.MLog [MLog-Init-Reporter] MLog clients using log4j2 logging.
INFO c.m.v.c.C3P0Registry [main] Initializing c3p0-0.9.5.4 [built 23-March-2019 23:00:48 -0700; debug? true; trace: 10]
INFO c.m.v.c.i.AbstractPoolBackedDataSource [main] Initializing c3p0 pool... com.mchange.v2.c3p0.ComboPooledDataSource [ acquireIncrement -> 5, acquireRetryAttempts -> 0, acquireRetryDelay -> 1000, autoCommitOnClose -> false, automaticTestTable -> null, breakAfterAcquireFailure -> false, checkoutTimeout -> 0, connectionCustomizerClassName -> null, connectionTesterClassName -> com.mchange.v2.c3p0.impl.DefaultConnectionTester, contextClassLoaderSource -> caller, dataSourceName -> 1hge0zia8upzqdg1unrub5|791d1f8b, debugUnreturnedConnectionStackTraces -> false, description -> null, driverClass -> com.mysql.cj.jdbc.Driver, extensions -> {}, factoryClassLocation -> null, forceIgnoreUnresolvedTransactions -> false, forceSynchronousCheckins -> false, forceUseNamedDriverClass -> false, identityToken -> 1hge0zia8upzqdg1unrub5|791d1f8b, idleConnectionTestPeriod -> 0, initialPoolSize -> 5, jdbcUrl -> jdbc:mysql://127.0.0.1:3306/learndeck?user=root, maxAdministrativeTaskTime -> 0, maxConnectionAge -> 0, maxIdleTime -> 0, maxIdleTimeExcessConnections -> 0, maxPoolSize -> 25, maxStatements -> 0, maxStatementsPerConnection -> 0, minPoolSize -> 3, numHelperThreads -> 3, preferredTestQuery -> null, privilegeSpawnedThreads -> false, properties -> {password=******, user=******}, propertyCycle -> 0, statementCacheNumDeferredCloseThreads -> 0, testConnectionOnCheckin -> false, testConnectionOnCheckout -> false, unreturnedConnectionTimeout -> 0, userOverrides -> {}, usesTraditionalReflectiveProxies -> false ]
INFO c.m.v.l.MLog [MLog-Init-Reporter] MLog clients using log4j2 logging.
INFO c.m.v.c.C3P0Registry [main] Initializing c3p0-0.9.5.4 [built 23-March-2019 23:00:48 -0700; debug? true; trace: 10]
INFO c.m.v.c.i.AbstractPoolBackedDataSource [main] Initializing c3p0 pool... com.mchange.v2.c3p0.ComboPooledDataSource [ acquireIncrement -> 5, acquireRetryAttempts -> 0, acquireRetryDelay -> 1000, autoCommitOnClose -> false, automaticTestTable -> null, breakAfterAcquireFailure -> false, checkoutTimeout -> 0, connectionCustomizerClassName -> null, connectionTesterClassName -> com.mchange.v2.c3p0.impl.DefaultConnectionTester, contextClassLoaderSource -> caller, dataSourceName -> 1hge0zia8upzzxvpl9u9z|13bc8645, debugUnreturnedConnectionStackTraces -> false, description -> null, driverClass -> com.mysql.cj.jdbc.Driver, extensions -> {}, factoryClassLocation -> null, forceIgnoreUnresolvedTransactions -> false, forceSynchronousCheckins -> false, forceUseNamedDriverClass -> false, identityToken -> 1hge0zia8upzzxvpl9u9z|13bc8645, idleConnectionTestPeriod -> 0, initialPoolSize -> 5, jdbcUrl -> jdbc:mysql://127.0.0.1:3306/learndeck?user=root, maxAdministrativeTaskTime -> 0, maxConnectionAge -> 0, maxIdleTime -> 0, maxIdleTimeExcessConnections -> 0, maxPoolSize -> 25, maxStatements -> 0, maxStatementsPerConnection -> 0, minPoolSize -> 3, numHelperThreads -> 3, preferredTestQuery -> null, privilegeSpawnedThreads -> false, properties -> {password=******, user=******}, propertyCycle -> 0, statementCacheNumDeferredCloseThreads -> 0, testConnectionOnCheckin -> false, testConnectionOnCheckout -> false, unreturnedConnectionTimeout -> 0, userOverrides -> {}, usesTraditionalReflectiveProxies -> false ]
INFO c.m.v.l.MLog [MLog-Init-Reporter] MLog clients using log4j2 logging.
INFO c.m.v.c.C3P0Registry [main] Initializing c3p0-0.9.5.4 [built 23-March-2019 23:00:48 -0700; debug? true; trace: 10]
INFO c.m.v.c.i.AbstractPoolBackedDataSource [main] Initializing c3p0 pool... com.mchange.v2.c3p0.ComboPooledDataSource [ acquireIncrement -> 5, acquireRetryAttempts -> 0, acquireRetryDelay -> 1000, autoCommitOnClose -> false, automaticTestTable -> null, breakAfterAcquireFailure -> false, checkoutTimeout -> 0, connectionCustomizerClassName -> null, connectionTesterClassName -> com.mchange.v2.c3p0.impl.DefaultConnectionTester, contextClassLoaderSource -> caller, dataSourceName -> 1hge0zia8vie7rrvrzbit|30b6ffe0, debugUnreturnedConnectionStackTraces -> false, description -> null, driverClass -> com.mysql.cj.jdbc.Driver, extensions -> {}, factoryClassLocation -> null, forceIgnoreUnresolvedTransactions -> false, forceSynchronousCheckins -> false, forceUseNamedDriverClass -> false, identityToken -> 1hge0zia8vie7rrvrzbit|30b6ffe0, idleConnectionTestPeriod -> 0, initialPoolSize -> 5, jdbcUrl -> jdbc:mysql://127.0.0.1:3306/learndeck?user=root, maxAdministrativeTaskTime -> 0, maxConnectionAge -> 0, maxIdleTime -> 0, maxIdleTimeExcessConnections -> 0, maxPoolSize -> 25, maxStatements -> 0, maxStatementsPerConnection -> 0, minPoolSize -> 3, numHelperThreads -> 3, preferredTestQuery -> null, privilegeSpawnedThreads -> false, properties -> {password=******, user=******}, propertyCycle -> 0, statementCacheNumDeferredCloseThreads -> 0, testConnectionOnCheckin -> false, testConnectionOnCheckout -> false, unreturnedConnectionTimeout -> 0, userOverrides -> {}, usesTraditionalReflectiveProxies -> false ]
INFO d.DeckDeserializer [JavaFX Application Thread] Method call:deserialize
INFO d.DeckDeserializer [JavaFX Application Thread] Method call:deserialize
INFO d.DeckDeserializer [JavaFX Application Thread] Method call:deserialize
INFO d.DeckDeserializer [JavaFX Application Thread] Method call:deserialize
INFO d.DeckUtil [JavaFX Application Thread] Method call:saveCoursesToPC
INFO d.DeckSerializer [JavaFX Application Thread] Method call:serialize Deck:A - Id:58
INFO d.DeckSerializer [JavaFX Application Thread] Method call:serialize Deck:B - Id:59
INFO d.DeckSerializer [JavaFX Application Thread] Method call:serialize Deck:C - Id:60
INFO d.DeckSerializer [JavaFX Application Thread] Method call:serialize Deck:D - Id:61
INFO s.ServerConnection [JavaFX Application Thread] SERVER: 250 CWD successful. "/teacher" is current directory.
INFO d.DeckUtil [JavaFX Application Thread] Method call:getCourseFile
INFO s.ServerConnection [JavaFX Application Thread] SERVER: 150 Opening data channel for file upload to server of "/teacher/TEACHER_1/A.txt"
INFO d.DeckUtil [JavaFX Application Thread] Method call:getCourseFile
INFO s.ServerConnection [JavaFX Application Thread] SERVER: 150 Opening data channel for file upload to server of "/teacher/TEACHER_1/B.txt"
INFO d.DeckUtil [JavaFX Application Thread] Method call:getCourseFile
INFO s.ServerConnection [JavaFX Application Thread] SERVER: 150 Opening data channel for file upload to server of "/teacher/TEACHER_1/C.txt"
INFO d.DeckUtil [JavaFX Application Thread] Method call:getCourseFile
INFO s.ServerConnection [JavaFX Application Thread] SERVER: 150 Opening data channel for file upload to server of "/teacher/TEACHER_1/D.txt"
INFO d.DeckDeserializer [JavaFX Application Thread] Method call:deserialize
INFO d.DeckDeserializer [JavaFX Application Thread] Method call:deserialize
INFO d.DeckDeserializer [JavaFX Application Thread] Method call:deserialize
INFO d.DeckDeserializer [JavaFX Application Thread] Method call:deserialize
INFO d.DeckUtil [JavaFX Application Thread] Method call:saveCoursesToPC
INFO d.DeckSerializer [JavaFX Application Thread] Method call:serialize Deck:E - Id:62
INFO d.DeckSerializer [JavaFX Application Thread] Method call:serialize Deck:F - Id:63
INFO s.ServerConnection [JavaFX Application Thread] SERVER: 250 CWD successful. "/teacher" is current directory.
INFO d.DeckUtil [JavaFX Application Thread] Method call:getCourseFile
INFO s.ServerConnection [JavaFX Application Thread] SERVER: 150 Opening data channel for file upload to server of "/teacher/TEACHER_1/E.txt"
INFO d.DeckUtil [JavaFX Application Thread] Method call:getCourseFile
INFO s.ServerConnection [JavaFX Application Thread] SERVER: 150 Opening data channel for file upload to server of "/teacher/TEACHER_1/F.txt"
